[debug] [2019-04-05T07:16:04.281Z] ----------------------------------------------------------------------
[debug] [2019-04-05T07:16:04.284Z] Command:       C:\Program Files\nodejs\node.exe C:\Users\kumchand0\AppData\Roaming\npm\node_modules\firebase-tools\lib\bin\firebase.js init
[debug] [2019-04-05T07:16:04.284Z] CLI Version:   6.5.2
[debug] [2019-04-05T07:16:04.284Z] Platform:      win32
[debug] [2019-04-05T07:16:04.284Z] Node Version:  v8.11.3
[debug] [2019-04-05T07:16:04.285Z] Time:          Fri Apr 05 2019 12:46:04 GMT+0530 (India Standard Time)
[debug] [2019-04-05T07:16:04.285Z] ----------------------------------------------------------------------
[debug] 
[debug] [2019-04-05T07:16:04.296Z] > command requires scopes: ["email","openid","https://www.googleapis.com/auth/cloudplatformprojects.readonly","https://www.googleapis.com/auth/firebase","https://www.googleapis.com/auth/cloud-platform"]
[debug] [2019-04-05T07:16:04.297Z] > authorizing via signed-in user
[info] 
     ######## #### ########  ######## ########     ###     ######  ########
     ##        ##  ##     ## ##       ##     ##  ##   ##  ##       ##
     ######    ##  ########  ######   ########  #########  ######  ######
     ##        ##  ##    ##  ##       ##     ## ##     ##       ## ##
     ##       #### ##     ## ######## ########  ##     ##  ######  ########

You're about to initialize a Firebase project in this directory:

  C:\Users\kumchand0\Desktop\my-pwa-app

Before we get started, keep in mind:

  * You are initializing in an existing Firebase project directory

[info] 
=== Project Setup
[info] 
[info] First, let's associate this project directory with a Firebase project.
[info] You can create multiple project aliases by running firebase use --add, 
[info] but for now we'll just set up a default project.
[info] 
[debug] [2019-04-05T07:16:19.928Z] >>> HTTP REQUEST GET https://firebase.googleapis.com/v1beta1/projects?page_size=100  
 
[debug] [2019-04-05T07:16:23.789Z] <<< HTTP RESPONSE 200
[info] 
=== Hosting Setup
[info] 
[info] Your public directory is the folder (relative to your project directory) that
[info] will contain Hosting assets to be uploaded with firebase deploy. If you
[info] have a build process for your assets, use your build's output directory.
[info] 
[info] +  Wrote build/404.html
[debug] [2019-04-05T07:16:47.990Z] >>> HTTP REQUEST GET https://www.gstatic.com/firebasejs/releases.json  
 
[debug] [2019-04-05T07:17:10.044Z] Error: connect ETIMEDOUT 216.58.196.195:443
    at Object._errnoException (util.js:992:11)
    at _exceptionWithHostPort (util.js:1014:20)
    at TCPConnectWrap.afterConnect [as oncomplete] (net.js:1186:14)
[error] 
[error] Error: Server Error. connect ETIMEDOUT 216.58.196.195:443
[debug] [2019-04-05T07:18:12.898Z] ----------------------------------------------------------------------
[debug] [2019-04-05T07:18:12.904Z] Command:       C:\Program Files\nodejs\node.exe C:\Users\kumchand0\AppData\Roaming\npm\node_modules\firebase-tools\lib\bin\firebase.js deploy --debug
[debug] [2019-04-05T07:18:12.905Z] CLI Version:   6.5.2
[debug] [2019-04-05T07:18:12.907Z] Platform:      win32
[debug] [2019-04-05T07:18:12.909Z] Node Version:  v8.11.3
[debug] [2019-04-05T07:18:12.912Z] Time:          Fri Apr 05 2019 12:48:12 GMT+0530 (India Standard Time)
[debug] [2019-04-05T07:18:12.913Z] ----------------------------------------------------------------------
[debug] 
[error] 
[error] Error: No project active. Run with --project <projectId> or define an alias by
running firebase use --add
[debug] [2019-04-05T07:18:35.072Z] ----------------------------------------------------------------------
[debug] [2019-04-05T07:18:35.080Z] Command:       C:\Program Files\nodejs\node.exe C:\Users\kumchand0\AppData\Roaming\npm\node_modules\firebase-tools\lib\bin\firebase.js init --debug
[debug] [2019-04-05T07:18:35.082Z] CLI Version:   6.5.2
[debug] [2019-04-05T07:18:35.083Z] Platform:      win32
[debug] [2019-04-05T07:18:35.084Z] Node Version:  v8.11.3
[debug] [2019-04-05T07:18:35.086Z] Time:          Fri Apr 05 2019 12:48:35 GMT+0530 (India Standard Time)
[debug] [2019-04-05T07:18:35.087Z] ----------------------------------------------------------------------
[debug] 
[debug] [2019-04-05T07:18:35.103Z] > command requires scopes: ["email","openid","https://www.googleapis.com/auth/cloudplatformprojects.readonly","https://www.googleapis.com/auth/firebase","https://www.googleapis.com/auth/cloud-platform"]
[debug] [2019-04-05T07:18:35.105Z] > authorizing via signed-in user
[info] 
     ######## #### ########  ######## ########     ###     ######  ########
     ##        ##  ##     ## ##       ##     ##  ##   ##  ##       ##
     ######    ##  ########  ######   ########  #########  ######  ######
     ##        ##  ##    ##  ##       ##     ## ##     ##       ## ##
     ##       #### ##     ## ######## ########  ##     ##  ######  ########

You're about to initialize a Firebase project in this directory:

  C:\Users\kumchand0\Desktop\my-pwa-app

Before we get started, keep in mind:

  * You are initializing in an existing Firebase project directory

[info] 
=== Project Setup
[info] 
[info] First, let's associate this project directory with a Firebase project.
[info] You can create multiple project aliases by running firebase use --add, 
[info] but for now we'll just set up a default project.
[info] 
[debug] [2019-04-05T07:18:41.347Z] >>> HTTP REQUEST GET https://firebase.googleapis.com/v1beta1/projects?page_size=100  
 
[debug] [2019-04-05T07:18:42.092Z] <<< HTTP RESPONSE 200
[info] 
=== Hosting Setup
[info] 
[info] Your public directory is the folder (relative to your project directory) that
[info] will contain Hosting assets to be uploaded with firebase deploy. If you
[info] have a build process for your assets, use your build's output directory.
[info] 
[info] +  Wrote build/404.html
[debug] [2019-04-05T07:18:59.281Z] >>> HTTP REQUEST GET https://www.gstatic.com/firebasejs/releases.json  
 
[debug] [2019-04-05T07:19:20.335Z] Error: connect ETIMEDOUT 216.58.196.195:443
    at Object._errnoException (util.js:992:11)
    at _exceptionWithHostPort (util.js:1014:20)
    at TCPConnectWrap.afterConnect [as oncomplete] (net.js:1186:14)
[error] 
[error] Error: Server Error. connect ETIMEDOUT 216.58.196.195:443
